{'loss': 0.5604, 'learning_rate': 4.5881383855024714e-05, 'epoch': 0.82}
{'loss': 0.3674, 'learning_rate': 4.1762767710049426e-05, 'epoch': 1.65}
{'loss': 0.3146, 'learning_rate': 3.764415156507414e-05, 'epoch': 2.47}
{'loss': 0.2788, 'learning_rate': 3.352553542009885e-05, 'epoch': 3.29}
{'loss': 0.2535, 'learning_rate': 2.9406919275123562e-05, 'epoch': 4.12}
{'loss': 0.2322, 'learning_rate': 2.528830313014827e-05, 'epoch': 4.94}
{'loss': 0.214, 'learning_rate': 2.1169686985172982e-05, 'epoch': 5.77}
{'loss': 0.2031, 'learning_rate': 1.7051070840197694e-05, 'epoch': 6.59}
{'loss': 0.1945, 'learning_rate': 1.2932454695222406e-05, 'epoch': 7.41}
{'loss': 0.1845, 'learning_rate': 8.813838550247118e-06, 'epoch': 8.24}
{'loss': 0.1792, 'learning_rate': 4.695222405271829e-06, 'epoch': 9.06}
{'loss': 0.1746, 'learning_rate': 5.766062602965404e-07, 'epoch': 9.88}
{'train_runtime': 1915.3209, 'train_samples_per_second': 101.346, 'train_steps_per_second': 3.169, 'train_loss': 0.2620055011705276, 'epoch': 10.0}
***** train metrics *****
  epoch                    =       10.0
  train_loss               =      0.262
  train_runtime            = 0:31:55.32
  train_samples_per_second =    101.346
  train_steps_per_second   =      3.169
04/04/2023 17:10:57 - INFO - __main__ - Loading dataset from /scratch/ba63/gec/data/bart-t5/qalb14-nopnx-ged/wo_camelira/tune_preds.json
04/04/2023 17:10:57 - INFO - __main__ - Loading model from /scratch/ba63/gec/models/gec/qalb14-nopnx-ged/bart_w_ged
04/04/2023 17:11:01 - INFO - __main__ - *** Predict ***
04/04/2023 17:11:01 - INFO - __main__ - Running prediction on /scratch/ba63/gec/data/bart-t5/qalb14-nopnx-ged/wo_camelira/tune_preds.json
0 sentences were skipped
04/04/2023 17:12:17 - INFO - __main__ - Loading dataset from /scratch/ba63/gec/data/bart-t5/qalb14-nopnx-ged/wo_camelira/tune_preds.json
04/04/2023 17:12:17 - INFO - __main__ - Loading model from /scratch/ba63/gec/models/gec/qalb14-nopnx-ged/bart_w_ged/checkpoint-1000
04/04/2023 17:12:21 - INFO - __main__ - *** Predict ***
04/04/2023 17:12:21 - INFO - __main__ - Running prediction on /scratch/ba63/gec/data/bart-t5/qalb14-nopnx-ged/wo_camelira/tune_preds.json
0 sentences were skipped
04/04/2023 17:13:35 - INFO - __main__ - Loading dataset from /scratch/ba63/gec/data/bart-t5/qalb14-nopnx-ged/wo_camelira/tune_preds.json
04/04/2023 17:13:35 - INFO - __main__ - Loading model from /scratch/ba63/gec/models/gec/qalb14-nopnx-ged/bart_w_ged/checkpoint-1500
04/04/2023 17:13:40 - INFO - __main__ - *** Predict ***
04/04/2023 17:13:40 - INFO - __main__ - Running prediction on /scratch/ba63/gec/data/bart-t5/qalb14-nopnx-ged/wo_camelira/tune_preds.json
0 sentences were skipped
04/04/2023 17:14:55 - INFO - __main__ - Loading dataset from /scratch/ba63/gec/data/bart-t5/qalb14-nopnx-ged/wo_camelira/tune_preds.json
04/04/2023 17:14:55 - INFO - __main__ - Loading model from /scratch/ba63/gec/models/gec/qalb14-nopnx-ged/bart_w_ged/checkpoint-2000
04/04/2023 17:14:59 - INFO - __main__ - *** Predict ***
04/04/2023 17:14:59 - INFO - __main__ - Running prediction on /scratch/ba63/gec/data/bart-t5/qalb14-nopnx-ged/wo_camelira/tune_preds.json
0 sentences were skipped
04/04/2023 17:16:14 - INFO - __main__ - Loading dataset from /scratch/ba63/gec/data/bart-t5/qalb14-nopnx-ged/wo_camelira/tune_preds.json
04/04/2023 17:16:14 - INFO - __main__ - Loading model from /scratch/ba63/gec/models/gec/qalb14-nopnx-ged/bart_w_ged/checkpoint-2500
04/04/2023 17:16:18 - INFO - __main__ - *** Predict ***
04/04/2023 17:16:18 - INFO - __main__ - Running prediction on /scratch/ba63/gec/data/bart-t5/qalb14-nopnx-ged/wo_camelira/tune_preds.json
0 sentences were skipped
04/04/2023 17:17:34 - INFO - __main__ - Loading dataset from /scratch/ba63/gec/data/bart-t5/qalb14-nopnx-ged/wo_camelira/tune_preds.json
04/04/2023 17:17:34 - INFO - __main__ - Loading model from /scratch/ba63/gec/models/gec/qalb14-nopnx-ged/bart_w_ged/checkpoint-3000
04/04/2023 17:17:38 - INFO - __main__ - *** Predict ***
04/04/2023 17:17:38 - INFO - __main__ - Running prediction on /scratch/ba63/gec/data/bart-t5/qalb14-nopnx-ged/wo_camelira/tune_preds.json
0 sentences were skipped
04/04/2023 17:18:53 - INFO - __main__ - Loading dataset from /scratch/ba63/gec/data/bart-t5/qalb14-nopnx-ged/wo_camelira/tune_preds.json
04/04/2023 17:18:53 - INFO - __main__ - Loading model from /scratch/ba63/gec/models/gec/qalb14-nopnx-ged/bart_w_ged/checkpoint-3500
04/04/2023 17:18:57 - INFO - __main__ - *** Predict ***
04/04/2023 17:18:57 - INFO - __main__ - Running prediction on /scratch/ba63/gec/data/bart-t5/qalb14-nopnx-ged/wo_camelira/tune_preds.json
0 sentences were skipped
04/04/2023 17:20:12 - INFO - __main__ - Loading dataset from /scratch/ba63/gec/data/bart-t5/qalb14-nopnx-ged/wo_camelira/tune_preds.json
04/04/2023 17:20:12 - INFO - __main__ - Loading model from /scratch/ba63/gec/models/gec/qalb14-nopnx-ged/bart_w_ged/checkpoint-4000
04/04/2023 17:20:16 - INFO - __main__ - *** Predict ***
04/04/2023 17:20:16 - INFO - __main__ - Running prediction on /scratch/ba63/gec/data/bart-t5/qalb14-nopnx-ged/wo_camelira/tune_preds.json
0 sentences were skipped
04/04/2023 17:21:31 - INFO - __main__ - Loading dataset from /scratch/ba63/gec/data/bart-t5/qalb14-nopnx-ged/wo_camelira/tune_preds.json
04/04/2023 17:21:31 - INFO - __main__ - Loading model from /scratch/ba63/gec/models/gec/qalb14-nopnx-ged/bart_w_ged/checkpoint-4500
04/04/2023 17:21:35 - INFO - __main__ - *** Predict ***
04/04/2023 17:21:35 - INFO - __main__ - Running prediction on /scratch/ba63/gec/data/bart-t5/qalb14-nopnx-ged/wo_camelira/tune_preds.json
0 sentences were skipped
04/04/2023 17:22:50 - INFO - __main__ - Loading dataset from /scratch/ba63/gec/data/bart-t5/qalb14-nopnx-ged/wo_camelira/tune_preds.json
04/04/2023 17:22:50 - INFO - __main__ - Loading model from /scratch/ba63/gec/models/gec/qalb14-nopnx-ged/bart_w_ged/checkpoint-500
04/04/2023 17:22:54 - INFO - __main__ - *** Predict ***
04/04/2023 17:22:54 - INFO - __main__ - Running prediction on /scratch/ba63/gec/data/bart-t5/qalb14-nopnx-ged/wo_camelira/tune_preds.json
1 sentences were skipped
04/04/2023 17:24:44 - INFO - __main__ - Loading dataset from /scratch/ba63/gec/data/bart-t5/qalb14-nopnx-ged/wo_camelira/tune_preds.json
04/04/2023 17:24:44 - INFO - __main__ - Loading model from /scratch/ba63/gec/models/gec/qalb14-nopnx-ged/bart_w_ged/checkpoint-5000
04/04/2023 17:24:48 - INFO - __main__ - *** Predict ***
04/04/2023 17:24:48 - INFO - __main__ - Running prediction on /scratch/ba63/gec/data/bart-t5/qalb14-nopnx-ged/wo_camelira/tune_preds.json
0 sentences were skipped
04/04/2023 17:26:03 - INFO - __main__ - Loading dataset from /scratch/ba63/gec/data/bart-t5/qalb14-nopnx-ged/wo_camelira/tune_preds.json
04/04/2023 17:26:03 - INFO - __main__ - Loading model from /scratch/ba63/gec/models/gec/qalb14-nopnx-ged/bart_w_ged/checkpoint-5500
04/04/2023 17:26:07 - INFO - __main__ - *** Predict ***
04/04/2023 17:26:07 - INFO - __main__ - Running prediction on /scratch/ba63/gec/data/bart-t5/qalb14-nopnx-ged/wo_camelira/tune_preds.json
0 sentences were skipped
04/04/2023 17:27:23 - INFO - __main__ - Loading dataset from /scratch/ba63/gec/data/bart-t5/qalb14-nopnx-ged/wo_camelira/tune_preds.json
04/04/2023 17:27:23 - INFO - __main__ - Loading model from /scratch/ba63/gec/models/gec/qalb14-nopnx-ged/bart_w_ged/checkpoint-6000
04/04/2023 17:27:27 - INFO - __main__ - *** Predict ***
04/04/2023 17:27:27 - INFO - __main__ - Running prediction on /scratch/ba63/gec/data/bart-t5/qalb14-nopnx-ged/wo_camelira/tune_preds.json
0 sentences were skipped
