{'loss': 0.5873, 'learning_rate': 4.5881383855024714e-05, 'epoch': 0.82}
{'loss': 0.4145, 'learning_rate': 4.1762767710049426e-05, 'epoch': 1.65}
{'loss': 0.3637, 'learning_rate': 3.764415156507414e-05, 'epoch': 2.47}
{'loss': 0.3283, 'learning_rate': 3.352553542009885e-05, 'epoch': 3.29}
{'loss': 0.3009, 'learning_rate': 2.9406919275123562e-05, 'epoch': 4.12}
{'loss': 0.2778, 'learning_rate': 2.528830313014827e-05, 'epoch': 4.94}
{'loss': 0.2582, 'learning_rate': 2.1169686985172982e-05, 'epoch': 5.77}
{'loss': 0.2456, 'learning_rate': 1.7051070840197694e-05, 'epoch': 6.59}
{'loss': 0.2369, 'learning_rate': 1.2932454695222406e-05, 'epoch': 7.41}
{'loss': 0.2251, 'learning_rate': 8.813838550247118e-06, 'epoch': 8.24}
{'loss': 0.2183, 'learning_rate': 4.695222405271829e-06, 'epoch': 9.06}
{'loss': 0.2142, 'learning_rate': 5.766062602965404e-07, 'epoch': 9.88}
{'train_runtime': 2125.8055, 'train_samples_per_second': 91.311, 'train_steps_per_second': 2.855, 'train_loss': 0.30481236346274665, 'epoch': 10.0}
***** train metrics *****
  epoch                    =       10.0
  train_loss               =     0.3048
  train_runtime            = 0:35:25.80
  train_samples_per_second =     91.311
  train_steps_per_second   =      2.855
04/04/2023 17:16:13 - INFO - __main__ - Loading dataset from /scratch/ba63/gec/data/bart-t5/qalb14-nopnx-ged/wo_camelira/tune_preds.json
04/04/2023 17:16:13 - INFO - __main__ - Loading model from /scratch/ba63/gec/models/gec/qalb14-nopnx-ged/bart_w_ged_pred_worst
04/04/2023 17:16:19 - INFO - __main__ - *** Predict ***
04/04/2023 17:16:19 - INFO - __main__ - Running prediction on /scratch/ba63/gec/data/bart-t5/qalb14-nopnx-ged/wo_camelira/tune_preds.json
0 sentences were skipped
04/04/2023 17:17:43 - INFO - __main__ - Loading dataset from /scratch/ba63/gec/data/bart-t5/qalb14-nopnx-ged/wo_camelira/tune_preds.json
04/04/2023 17:17:43 - INFO - __main__ - Loading model from /scratch/ba63/gec/models/gec/qalb14-nopnx-ged/bart_w_ged_pred_worst/checkpoint-1000
04/04/2023 17:17:48 - INFO - __main__ - *** Predict ***
04/04/2023 17:17:48 - INFO - __main__ - Running prediction on /scratch/ba63/gec/data/bart-t5/qalb14-nopnx-ged/wo_camelira/tune_preds.json
0 sentences were skipped
04/04/2023 17:19:10 - INFO - __main__ - Loading dataset from /scratch/ba63/gec/data/bart-t5/qalb14-nopnx-ged/wo_camelira/tune_preds.json
04/04/2023 17:19:10 - INFO - __main__ - Loading model from /scratch/ba63/gec/models/gec/qalb14-nopnx-ged/bart_w_ged_pred_worst/checkpoint-1500
04/04/2023 17:19:18 - INFO - __main__ - *** Predict ***
04/04/2023 17:19:18 - INFO - __main__ - Running prediction on /scratch/ba63/gec/data/bart-t5/qalb14-nopnx-ged/wo_camelira/tune_preds.json
0 sentences were skipped
04/04/2023 17:20:53 - INFO - __main__ - Loading dataset from /scratch/ba63/gec/data/bart-t5/qalb14-nopnx-ged/wo_camelira/tune_preds.json
04/04/2023 17:20:53 - INFO - __main__ - Loading model from /scratch/ba63/gec/models/gec/qalb14-nopnx-ged/bart_w_ged_pred_worst/checkpoint-2000
04/04/2023 17:20:59 - INFO - __main__ - *** Predict ***
04/04/2023 17:20:59 - INFO - __main__ - Running prediction on /scratch/ba63/gec/data/bart-t5/qalb14-nopnx-ged/wo_camelira/tune_preds.json
1 sentences were skipped
04/04/2023 17:22:59 - INFO - __main__ - Loading dataset from /scratch/ba63/gec/data/bart-t5/qalb14-nopnx-ged/wo_camelira/tune_preds.json
04/04/2023 17:23:00 - INFO - __main__ - Loading model from /scratch/ba63/gec/models/gec/qalb14-nopnx-ged/bart_w_ged_pred_worst/checkpoint-2500
04/04/2023 17:23:09 - INFO - __main__ - *** Predict ***
04/04/2023 17:23:09 - INFO - __main__ - Running prediction on /scratch/ba63/gec/data/bart-t5/qalb14-nopnx-ged/wo_camelira/tune_preds.json
0 sentences were skipped
04/04/2023 17:24:30 - INFO - __main__ - Loading dataset from /scratch/ba63/gec/data/bart-t5/qalb14-nopnx-ged/wo_camelira/tune_preds.json
04/04/2023 17:24:30 - INFO - __main__ - Loading model from /scratch/ba63/gec/models/gec/qalb14-nopnx-ged/bart_w_ged_pred_worst/checkpoint-3000
04/04/2023 17:24:35 - INFO - __main__ - *** Predict ***
04/04/2023 17:24:35 - INFO - __main__ - Running prediction on /scratch/ba63/gec/data/bart-t5/qalb14-nopnx-ged/wo_camelira/tune_preds.json
0 sentences were skipped
04/04/2023 17:25:57 - INFO - __main__ - Loading dataset from /scratch/ba63/gec/data/bart-t5/qalb14-nopnx-ged/wo_camelira/tune_preds.json
04/04/2023 17:25:57 - INFO - __main__ - Loading model from /scratch/ba63/gec/models/gec/qalb14-nopnx-ged/bart_w_ged_pred_worst/checkpoint-3500
04/04/2023 17:26:05 - INFO - __main__ - *** Predict ***
04/04/2023 17:26:05 - INFO - __main__ - Running prediction on /scratch/ba63/gec/data/bart-t5/qalb14-nopnx-ged/wo_camelira/tune_preds.json
1 sentences were skipped
04/04/2023 17:27:48 - INFO - __main__ - Loading dataset from /scratch/ba63/gec/data/bart-t5/qalb14-nopnx-ged/wo_camelira/tune_preds.json
04/04/2023 17:27:48 - INFO - __main__ - Loading model from /scratch/ba63/gec/models/gec/qalb14-nopnx-ged/bart_w_ged_pred_worst/checkpoint-4000
04/04/2023 17:27:53 - INFO - __main__ - *** Predict ***
04/04/2023 17:27:53 - INFO - __main__ - Running prediction on /scratch/ba63/gec/data/bart-t5/qalb14-nopnx-ged/wo_camelira/tune_preds.json
0 sentences were skipped
04/04/2023 17:29:15 - INFO - __main__ - Loading dataset from /scratch/ba63/gec/data/bart-t5/qalb14-nopnx-ged/wo_camelira/tune_preds.json
04/04/2023 17:29:15 - INFO - __main__ - Loading model from /scratch/ba63/gec/models/gec/qalb14-nopnx-ged/bart_w_ged_pred_worst/checkpoint-4500
04/04/2023 17:29:20 - INFO - __main__ - *** Predict ***
04/04/2023 17:29:20 - INFO - __main__ - Running prediction on /scratch/ba63/gec/data/bart-t5/qalb14-nopnx-ged/wo_camelira/tune_preds.json
0 sentences were skipped
04/04/2023 17:30:42 - INFO - __main__ - Loading dataset from /scratch/ba63/gec/data/bart-t5/qalb14-nopnx-ged/wo_camelira/tune_preds.json
04/04/2023 17:30:42 - INFO - __main__ - Loading model from /scratch/ba63/gec/models/gec/qalb14-nopnx-ged/bart_w_ged_pred_worst/checkpoint-500
04/04/2023 17:30:49 - INFO - __main__ - *** Predict ***
04/04/2023 17:30:49 - INFO - __main__ - Running prediction on /scratch/ba63/gec/data/bart-t5/qalb14-nopnx-ged/wo_camelira/tune_preds.json
0 sentences were skipped
04/04/2023 17:32:11 - INFO - __main__ - Loading dataset from /scratch/ba63/gec/data/bart-t5/qalb14-nopnx-ged/wo_camelira/tune_preds.json
04/04/2023 17:32:11 - INFO - __main__ - Loading model from /scratch/ba63/gec/models/gec/qalb14-nopnx-ged/bart_w_ged_pred_worst/checkpoint-5000
04/04/2023 17:32:16 - INFO - __main__ - *** Predict ***
04/04/2023 17:32:16 - INFO - __main__ - Running prediction on /scratch/ba63/gec/data/bart-t5/qalb14-nopnx-ged/wo_camelira/tune_preds.json
0 sentences were skipped
04/04/2023 17:33:38 - INFO - __main__ - Loading dataset from /scratch/ba63/gec/data/bart-t5/qalb14-nopnx-ged/wo_camelira/tune_preds.json
04/04/2023 17:33:38 - INFO - __main__ - Loading model from /scratch/ba63/gec/models/gec/qalb14-nopnx-ged/bart_w_ged_pred_worst/checkpoint-5500
04/04/2023 17:33:43 - INFO - __main__ - *** Predict ***
04/04/2023 17:33:43 - INFO - __main__ - Running prediction on /scratch/ba63/gec/data/bart-t5/qalb14-nopnx-ged/wo_camelira/tune_preds.json
0 sentences were skipped
04/04/2023 17:35:05 - INFO - __main__ - Loading dataset from /scratch/ba63/gec/data/bart-t5/qalb14-nopnx-ged/wo_camelira/tune_preds.json
04/04/2023 17:35:05 - INFO - __main__ - Loading model from /scratch/ba63/gec/models/gec/qalb14-nopnx-ged/bart_w_ged_pred_worst/checkpoint-6000
04/04/2023 17:35:10 - INFO - __main__ - *** Predict ***
04/04/2023 17:35:10 - INFO - __main__ - Running prediction on /scratch/ba63/gec/data/bart-t5/qalb14-nopnx-ged/wo_camelira/tune_preds.json
0 sentences were skipped
