{'loss': 0.5288, 'learning_rate': 4.5881383855024714e-05, 'epoch': 0.82}
{'loss': 0.3471, 'learning_rate': 4.1762767710049426e-05, 'epoch': 1.65}
{'loss': 0.2983, 'learning_rate': 3.764415156507414e-05, 'epoch': 2.47}
{'loss': 0.2653, 'learning_rate': 3.352553542009885e-05, 'epoch': 3.29}
{'loss': 0.2422, 'learning_rate': 2.9406919275123562e-05, 'epoch': 4.12}
{'loss': 0.221, 'learning_rate': 2.528830313014827e-05, 'epoch': 4.94}
{'loss': 0.2034, 'learning_rate': 2.1169686985172982e-05, 'epoch': 5.77}
{'loss': 0.1937, 'learning_rate': 1.7051070840197694e-05, 'epoch': 6.59}
{'loss': 0.1856, 'learning_rate': 1.2932454695222406e-05, 'epoch': 7.41}
{'loss': 0.1754, 'learning_rate': 8.813838550247118e-06, 'epoch': 8.24}
{'loss': 0.1703, 'learning_rate': 4.695222405271829e-06, 'epoch': 9.06}
{'loss': 0.1659, 'learning_rate': 5.766062602965404e-07, 'epoch': 9.88}
{'train_runtime': 2136.6487, 'train_samples_per_second': 90.848, 'train_steps_per_second': 2.841, 'train_loss': 0.2487199010330527, 'epoch': 10.0}
***** train metrics *****
  epoch                    =       10.0
  train_loss               =     0.2487
  train_runtime            = 0:35:36.64
  train_samples_per_second =     90.848
  train_steps_per_second   =      2.841
04/04/2023 17:15:30 - INFO - __main__ - Loading dataset from /scratch/ba63/gec/data/bart-t5/qalb14-nopnx-ged/w_camelira/tune_preds.json
04/04/2023 17:15:30 - INFO - __main__ - Loading model from /scratch/ba63/gec/models/gec/qalb14-nopnx-ged/bart_w_camelira_ged
04/04/2023 17:15:36 - INFO - __main__ - *** Predict ***
04/04/2023 17:15:36 - INFO - __main__ - Running prediction on /scratch/ba63/gec/data/bart-t5/qalb14-nopnx-ged/w_camelira/tune_preds.json
0 sentences were skipped
04/04/2023 17:16:58 - INFO - __main__ - Loading dataset from /scratch/ba63/gec/data/bart-t5/qalb14-nopnx-ged/w_camelira/tune_preds.json
04/04/2023 17:16:58 - INFO - __main__ - Loading model from /scratch/ba63/gec/models/gec/qalb14-nopnx-ged/bart_w_camelira_ged/checkpoint-1000
04/04/2023 17:17:03 - INFO - __main__ - *** Predict ***
04/04/2023 17:17:03 - INFO - __main__ - Running prediction on /scratch/ba63/gec/data/bart-t5/qalb14-nopnx-ged/w_camelira/tune_preds.json
0 sentences were skipped
04/04/2023 17:18:25 - INFO - __main__ - Loading dataset from /scratch/ba63/gec/data/bart-t5/qalb14-nopnx-ged/w_camelira/tune_preds.json
04/04/2023 17:18:25 - INFO - __main__ - Loading model from /scratch/ba63/gec/models/gec/qalb14-nopnx-ged/bart_w_camelira_ged/checkpoint-1500
04/04/2023 17:18:30 - INFO - __main__ - *** Predict ***
04/04/2023 17:18:30 - INFO - __main__ - Running prediction on /scratch/ba63/gec/data/bart-t5/qalb14-nopnx-ged/w_camelira/tune_preds.json
0 sentences were skipped
04/04/2023 17:20:19 - INFO - __main__ - Loading dataset from /scratch/ba63/gec/data/bart-t5/qalb14-nopnx-ged/w_camelira/tune_preds.json
04/04/2023 17:20:19 - INFO - __main__ - Loading model from /scratch/ba63/gec/models/gec/qalb14-nopnx-ged/bart_w_camelira_ged/checkpoint-2000
04/04/2023 17:20:24 - INFO - __main__ - *** Predict ***
04/04/2023 17:20:24 - INFO - __main__ - Running prediction on /scratch/ba63/gec/data/bart-t5/qalb14-nopnx-ged/w_camelira/tune_preds.json
0 sentences were skipped
04/04/2023 17:21:47 - INFO - __main__ - Loading dataset from /scratch/ba63/gec/data/bart-t5/qalb14-nopnx-ged/w_camelira/tune_preds.json
04/04/2023 17:21:47 - INFO - __main__ - Loading model from /scratch/ba63/gec/models/gec/qalb14-nopnx-ged/bart_w_camelira_ged/checkpoint-2500
04/04/2023 17:21:51 - INFO - __main__ - *** Predict ***
04/04/2023 17:21:51 - INFO - __main__ - Running prediction on /scratch/ba63/gec/data/bart-t5/qalb14-nopnx-ged/w_camelira/tune_preds.json
0 sentences were skipped
04/04/2023 17:23:14 - INFO - __main__ - Loading dataset from /scratch/ba63/gec/data/bart-t5/qalb14-nopnx-ged/w_camelira/tune_preds.json
04/04/2023 17:23:14 - INFO - __main__ - Loading model from /scratch/ba63/gec/models/gec/qalb14-nopnx-ged/bart_w_camelira_ged/checkpoint-3000
04/04/2023 17:23:19 - INFO - __main__ - *** Predict ***
04/04/2023 17:23:19 - INFO - __main__ - Running prediction on /scratch/ba63/gec/data/bart-t5/qalb14-nopnx-ged/w_camelira/tune_preds.json
0 sentences were skipped
04/04/2023 17:24:41 - INFO - __main__ - Loading dataset from /scratch/ba63/gec/data/bart-t5/qalb14-nopnx-ged/w_camelira/tune_preds.json
04/04/2023 17:24:41 - INFO - __main__ - Loading model from /scratch/ba63/gec/models/gec/qalb14-nopnx-ged/bart_w_camelira_ged/checkpoint-3500
04/04/2023 17:24:46 - INFO - __main__ - *** Predict ***
04/04/2023 17:24:46 - INFO - __main__ - Running prediction on /scratch/ba63/gec/data/bart-t5/qalb14-nopnx-ged/w_camelira/tune_preds.json
0 sentences were skipped
04/04/2023 17:26:09 - INFO - __main__ - Loading dataset from /scratch/ba63/gec/data/bart-t5/qalb14-nopnx-ged/w_camelira/tune_preds.json
04/04/2023 17:26:09 - INFO - __main__ - Loading model from /scratch/ba63/gec/models/gec/qalb14-nopnx-ged/bart_w_camelira_ged/checkpoint-4000
04/04/2023 17:26:14 - INFO - __main__ - *** Predict ***
04/04/2023 17:26:14 - INFO - __main__ - Running prediction on /scratch/ba63/gec/data/bart-t5/qalb14-nopnx-ged/w_camelira/tune_preds.json
0 sentences were skipped
04/04/2023 17:27:37 - INFO - __main__ - Loading dataset from /scratch/ba63/gec/data/bart-t5/qalb14-nopnx-ged/w_camelira/tune_preds.json
04/04/2023 17:27:37 - INFO - __main__ - Loading model from /scratch/ba63/gec/models/gec/qalb14-nopnx-ged/bart_w_camelira_ged/checkpoint-4500
04/04/2023 17:27:42 - INFO - __main__ - *** Predict ***
04/04/2023 17:27:42 - INFO - __main__ - Running prediction on /scratch/ba63/gec/data/bart-t5/qalb14-nopnx-ged/w_camelira/tune_preds.json
0 sentences were skipped
04/04/2023 17:29:05 - INFO - __main__ - Loading dataset from /scratch/ba63/gec/data/bart-t5/qalb14-nopnx-ged/w_camelira/tune_preds.json
04/04/2023 17:29:05 - INFO - __main__ - Loading model from /scratch/ba63/gec/models/gec/qalb14-nopnx-ged/bart_w_camelira_ged/checkpoint-500
04/04/2023 17:29:10 - INFO - __main__ - *** Predict ***
04/04/2023 17:29:10 - INFO - __main__ - Running prediction on /scratch/ba63/gec/data/bart-t5/qalb14-nopnx-ged/w_camelira/tune_preds.json
0 sentences were skipped
04/04/2023 17:30:32 - INFO - __main__ - Loading dataset from /scratch/ba63/gec/data/bart-t5/qalb14-nopnx-ged/w_camelira/tune_preds.json
04/04/2023 17:30:32 - INFO - __main__ - Loading model from /scratch/ba63/gec/models/gec/qalb14-nopnx-ged/bart_w_camelira_ged/checkpoint-5000
04/04/2023 17:30:37 - INFO - __main__ - *** Predict ***
04/04/2023 17:30:37 - INFO - __main__ - Running prediction on /scratch/ba63/gec/data/bart-t5/qalb14-nopnx-ged/w_camelira/tune_preds.json
0 sentences were skipped
04/04/2023 17:31:59 - INFO - __main__ - Loading dataset from /scratch/ba63/gec/data/bart-t5/qalb14-nopnx-ged/w_camelira/tune_preds.json
04/04/2023 17:31:59 - INFO - __main__ - Loading model from /scratch/ba63/gec/models/gec/qalb14-nopnx-ged/bart_w_camelira_ged/checkpoint-5500
04/04/2023 17:32:04 - INFO - __main__ - *** Predict ***
04/04/2023 17:32:04 - INFO - __main__ - Running prediction on /scratch/ba63/gec/data/bart-t5/qalb14-nopnx-ged/w_camelira/tune_preds.json
0 sentences were skipped
04/04/2023 17:33:27 - INFO - __main__ - Loading dataset from /scratch/ba63/gec/data/bart-t5/qalb14-nopnx-ged/w_camelira/tune_preds.json
04/04/2023 17:33:27 - INFO - __main__ - Loading model from /scratch/ba63/gec/models/gec/qalb14-nopnx-ged/bart_w_camelira_ged/checkpoint-6000
04/04/2023 17:33:32 - INFO - __main__ - *** Predict ***
04/04/2023 17:33:32 - INFO - __main__ - Running prediction on /scratch/ba63/gec/data/bart-t5/qalb14-nopnx-ged/w_camelira/tune_preds.json
0 sentences were skipped
