03/23/2023 11:41:59 - WARNING - __main__ - Process rank: -1, device: cuda:0, n_gpu: 1distributed training: False, 16-bits training: False
03/23/2023 11:42:00 - WARNING - datasets.builder - Using custom data configuration default-e431cb18af13eb11
03/23/2023 11:42:00 - INFO - datasets.builder - Overwrite dataset info from restored data version.
03/23/2023 11:42:00 - INFO - datasets.info - Loading Dataset info from /scratch/ba63/HF-datasets/json/default-e431cb18af13eb11/0.0.0/e6070c77f18f01a5ad4551a8b7edfba20b8438b7cad4d94e6ad9378022ce4aab
03/23/2023 11:42:00 - WARNING - datasets.builder - Found cached dataset json (/scratch/ba63/HF-datasets/json/default-e431cb18af13eb11/0.0.0/e6070c77f18f01a5ad4551a8b7edfba20b8438b7cad4d94e6ad9378022ce4aab)
03/23/2023 11:42:00 - INFO - datasets.info - Loading Dataset info from /scratch/ba63/HF-datasets/json/default-e431cb18af13eb11/0.0.0/e6070c77f18f01a5ad4551a8b7edfba20b8438b7cad4d94e6ad9378022ce4aab
03/23/2023 11:42:03 - INFO - datasets.arrow_dataset - Caching processed dataset at /scratch/ba63/HF-datasets/json/default-e431cb18af13eb11/0.0.0/e6070c77f18f01a5ad4551a8b7edfba20b8438b7cad4d94e6ad9378022ce4aab/cache-c88c045e1e29fcbe.arrow
{'loss': 0.3197, 'learning_rate': 4.896992171405027e-05, 'epoch': 0.21}
{'loss': 0.1782, 'learning_rate': 4.793984342810054e-05, 'epoch': 0.41}
{'loss': 0.1479, 'learning_rate': 4.690976514215081e-05, 'epoch': 0.62}
{'loss': 0.1328, 'learning_rate': 4.587968685620108e-05, 'epoch': 0.82}
{'loss': 0.1223, 'learning_rate': 4.484960857025134e-05, 'epoch': 1.03}
{'loss': 0.1046, 'learning_rate': 4.3819530284301606e-05, 'epoch': 1.24}
{'loss': 0.0972, 'learning_rate': 4.278945199835187e-05, 'epoch': 1.44}
{'loss': 0.0975, 'learning_rate': 4.175937371240215e-05, 'epoch': 1.65}
{'loss': 0.0904, 'learning_rate': 4.0729295426452415e-05, 'epoch': 1.85}
{'loss': 0.0857, 'learning_rate': 3.969921714050268e-05, 'epoch': 2.06}
{'loss': 0.074, 'learning_rate': 3.866913885455295e-05, 'epoch': 2.27}
{'loss': 0.073, 'learning_rate': 3.7639060568603216e-05, 'epoch': 2.47}
{'loss': 0.0713, 'learning_rate': 3.6608982282653484e-05, 'epoch': 2.68}
{'loss': 0.0689, 'learning_rate': 3.557890399670375e-05, 'epoch': 2.88}
{'loss': 0.0629, 'learning_rate': 3.454882571075402e-05, 'epoch': 3.09}
{'loss': 0.0574, 'learning_rate': 3.3518747424804286e-05, 'epoch': 3.3}
{'loss': 0.0565, 'learning_rate': 3.248866913885455e-05, 'epoch': 3.5}
{'loss': 0.0574, 'learning_rate': 3.145859085290482e-05, 'epoch': 3.71}
{'loss': 0.057, 'learning_rate': 3.042851256695509e-05, 'epoch': 3.91}
{'loss': 0.0496, 'learning_rate': 2.939843428100536e-05, 'epoch': 4.12}
{'loss': 0.045, 'learning_rate': 2.8368355995055622e-05, 'epoch': 4.33}
{'loss': 0.0447, 'learning_rate': 2.7338277709105893e-05, 'epoch': 4.53}
{'loss': 0.0452, 'learning_rate': 2.630819942315616e-05, 'epoch': 4.74}
{'loss': 0.0441, 'learning_rate': 2.5278121137206427e-05, 'epoch': 4.94}
{'loss': 0.0378, 'learning_rate': 2.4248042851256698e-05, 'epoch': 5.15}
{'loss': 0.0369, 'learning_rate': 2.3217964565306965e-05, 'epoch': 5.36}
{'loss': 0.0374, 'learning_rate': 2.2187886279357232e-05, 'epoch': 5.56}
{'loss': 0.0359, 'learning_rate': 2.11578079934075e-05, 'epoch': 5.77}
{'loss': 0.0377, 'learning_rate': 2.0127729707457767e-05, 'epoch': 5.97}
{'loss': 0.0308, 'learning_rate': 1.9097651421508038e-05, 'epoch': 6.18}
{'loss': 0.031, 'learning_rate': 1.80675731355583e-05, 'epoch': 6.39}
{'loss': 0.0325, 'learning_rate': 1.7037494849608572e-05, 'epoch': 6.59}
{'loss': 0.0316, 'learning_rate': 1.600741656365884e-05, 'epoch': 6.8}
{'loss': 0.0305, 'learning_rate': 1.4977338277709107e-05, 'epoch': 7.0}
{'loss': 0.0274, 'learning_rate': 1.3947259991759374e-05, 'epoch': 7.21}
{'loss': 0.0265, 'learning_rate': 1.2917181705809641e-05, 'epoch': 7.42}
{'loss': 0.0257, 'learning_rate': 1.188710341985991e-05, 'epoch': 7.62}
{'loss': 0.0256, 'learning_rate': 1.0857025133910178e-05, 'epoch': 7.83}
{'loss': 0.0259, 'learning_rate': 9.826946847960447e-06, 'epoch': 8.03}
{'loss': 0.0227, 'learning_rate': 8.796868562010712e-06, 'epoch': 8.24}
{'loss': 0.0234, 'learning_rate': 7.766790276060981e-06, 'epoch': 8.45}
{'loss': 0.0229, 'learning_rate': 6.736711990111248e-06, 'epoch': 8.65}
{'loss': 0.0236, 'learning_rate': 5.7066337041615165e-06, 'epoch': 8.86}
{'loss': 0.0218, 'learning_rate': 4.676555418211785e-06, 'epoch': 9.06}
{'loss': 0.0205, 'learning_rate': 3.6464771322620523e-06, 'epoch': 9.27}
{'loss': 0.0207, 'learning_rate': 2.61639884631232e-06, 'epoch': 9.48}
{'loss': 0.0201, 'learning_rate': 1.5863205603625877e-06, 'epoch': 9.68}
{'loss': 0.0214, 'learning_rate': 5.562422744128554e-07, 'epoch': 9.89}
{'train_runtime': 6847.2417, 'train_samples_per_second': 28.349, 'train_steps_per_second': 3.544, 'train_loss': 0.059015280138478635, 'epoch': 10.0}
***** train metrics *****
  epoch                    =       10.0
  train_loss               =      0.059
  train_runtime            = 1:54:07.24
  train_samples            =      19411
  train_samples_per_second =     28.349
  train_steps_per_second   =      3.544
