INFO:utils.data_utils:*** GED Tags:  {'REPLACE_OH': 0, 'REPLACE_OM': 1, 'REPLACE_PC': 2, 'REPLACE_OD': 3, 'REPLACE_OR': 4, 'REPLACE_SW': 5, 'REPLACE_OH+REPLACE_XC': 6, 'SPLIT': 7, 'REPLACE_OW': 8, 'REPLACE_XG': 9, 'REPLACE_XN': 10, 'REPLACE_OA': 11, 'REPLACE_OT': 12, 'REPLACE_XC': 13, 'DELETE_PM': 14, 'REPLACE_XC+REPLACE_XN': 15, 'REPLACE_S': 16, 'REPLACE_O': 17, 'REPLACE_X': 18, 'REPLACE_XC+REPLACE_XG': 19, 'REPLACE_OH+REPLACE_OM': 20, 'REPLACE_MT': 21, 'REPLACE_OH+REPLACE_OT': 22, 'DELETE_XM': 23, 'REPLACE_OR+REPLACE_OT': 24, 'REPLACE_OM+REPLACE_OR': 25, 'REPLACE_OA+REPLACE_OH': 26, 'REPLACE_MI': 27, 'REPLACE_OD+REPLACE_OR': 28, 'REPLACE_OC': 29, 'REPLACE_XF': 30, 'REPLACE_MI+REPLACE_OH': 31, 'REPLACE_OA+REPLACE_OR': 32, 'REPLACE_OD+REPLACE_OG': 33, 'REPLACE_XM': 34, 'REPLACE_OD+REPLACE_OM': 35, 'REPLACE_XT': 36, 'REPLACE_SF': 37, 'REPLACE_OD+REPLACE_OH': 38, 'REPLACE_M': 39, 'REPLACE_PT': 40, 'REPLACE_PM': 41} ***
INFO:__main__:Training...
INFO:__main__:Epoch: 1
INFO:__main__:	Train Loss: 0.5801   |   Dev Loss: 0.4663
INFO:__main__:Epoch: 2
INFO:__main__:	Train Loss: 0.4248   |   Dev Loss: 0.4065
INFO:__main__:Epoch: 3
INFO:__main__:	Train Loss: 0.3829   |   Dev Loss: 0.3922
INFO:__main__:Epoch: 4
INFO:__main__:	Train Loss: 0.3562   |   Dev Loss: 0.3847
INFO:__main__:Epoch: 5
INFO:__main__:	Train Loss: 0.3375   |   Dev Loss: 0.3702
INFO:__main__:Epoch: 6
INFO:__main__:	Train Loss: 0.3229   |   Dev Loss: 0.3773
INFO:__main__:Epoch: 7
INFO:__main__:	Train Loss: 0.3106   |   Dev Loss: 0.3697
INFO:__main__:Epoch: 8
INFO:__main__:	Train Loss: 0.3009   |   Dev Loss: 0.3691
INFO:__main__:Epoch: 9
INFO:__main__:	Train Loss: 0.2939   |   Dev Loss: 0.3845
INFO:__main__:Epoch: 10
INFO:__main__:	Train Loss: 0.2865   |   Dev Loss: 0.3788
INFO:__main__:Epoch: 11
INFO:__main__:	Train Loss: 0.2804   |   Dev Loss: 0.3885
INFO:__main__:Epoch: 12
INFO:__main__:	Train Loss: 0.2491   |   Dev Loss: 0.3732
INFO:__main__:Epoch: 13
INFO:__main__:	Train Loss: 0.2330   |   Dev Loss: 0.3826
INFO:__main__:Dev loss hasn't decreased in 6 epochs. Stopping training..
